<?xml version="1.0" encoding="UTF-8"?>
<!-- Generated by org.testng.reporters.JUnitReportReporter -->
<testsuite name="com.test.ValidateLogin" tests="1" time="0.369" ignored="0" failures="0" timestamp="19 Jan 2017 22:08:37 GMT" skipped="0" hostname="L-156058504" errors="0">
  <testcase name="testLogin" time="0.369" classname="com.test.ValidateLogin"/>
</testsuite> <!-- com.test.ValidateLogin -->
