<?xml version="1.0" encoding="UTF-8"?>
<!-- Generated by org.testng.reporters.JUnitReportReporter -->
<testsuite hostname="L-156058504" name="com.test.ValidateLogin" tests="1" failures="0" timestamp="18 Jan 2017 21:07:31 GMT" time="0.350" errors="0">
  <testcase name="testLogin" time="0.350" classname="com.test.ValidateLogin"/>
</testsuite> <!-- com.test.ValidateLogin -->
