<?xml version="1.0" encoding="UTF-8"?>
<!-- Generated by org.testng.reporters.JUnitReportReporter -->
<testsuite name="com.test.NewTest" tests="1" time="0.004" ignored="0" failures="0" timestamp="18 Jan 2017 17:41:52 GMT" skipped="0" hostname="L-156058504" errors="0">
  <testcase name="f" time="0.004" classname="com.test.NewTest"/>
</testsuite> <!-- com.test.NewTest -->
