<?xml version="1.0" encoding="UTF-8"?>
<!-- Generated by org.testng.reporters.JUnitReportReporter -->
<testsuite name="com.test.ValidateLogin" tests="1" time="0.601" ignored="0" failures="0" timestamp="18 Jan 2017 20:38:19 GMT" skipped="0" hostname="L-156058504" errors="0">
  <testcase name="testLogin" time="0.601" classname="com.test.ValidateLogin"/>
</testsuite> <!-- com.test.ValidateLogin -->
